Arguments: 
  /Users/guillaume/.nvm/versions/node/v12.16.1/bin/node /Users/guillaume/.nvm/versions/node/v12.16.1/bin/yarn add --dev -W @babel/cli @babel/core @babel/preset-react @babel/preset-env babel-core@7.0.0-bridge.0 babel-loader babel-plugin-styled-components webpack

PATH: 
  /Users/guillaume/.jenv/bin:/Users/guillaume/.nvm/versions/node/v12.16.1/bin:/Users/guillaume/.sdkman/candidates/gradle/current/bin:/usr/local/bin:/usr/bin:/bin:/usr/sbin:/sbin

Yarn version: 
  1.22.4

Node version: 
  12.16.1

Platform: 
  darwin x64

Trace: 
  SyntaxError: /Users/guillaume/Documents/ableton-ui-lib/package.json: Unexpected token } in JSON at position 127
      at JSON.parse (<anonymous>)
      at /Users/guillaume/.nvm/versions/node/v12.16.1/lib/node_modules/yarn/lib/cli.js:1625:59
      at Generator.next (<anonymous>)
      at step (/Users/guillaume/.nvm/versions/node/v12.16.1/lib/node_modules/yarn/lib/cli.js:310:30)
      at /Users/guillaume/.nvm/versions/node/v12.16.1/lib/node_modules/yarn/lib/cli.js:321:13

npm manifest: 
  {
    "name": "root",
    "private": true,
    "devDependencies": {
      "lerna": "^3.20.2"
    },
    "workspaces": {
      "packages/*"
    }
  }

yarn manifest: 
  No manifest

Lockfile: 
  No lockfile
